\BOOKMARK [1][-]{section.1}{\376\377\000T\000h\000e\000\040\000D\000e\000e\000p\000\040\000L\000e\000a\000r\000n\000i\000n\000g\000\040\000R\000e\000v\000o\000l\000u\000t\000i\000o\000n}{}% 1
\BOOKMARK [2][-]{subsection.1.1}{\376\377\000N\000o\000\040\000E\000x\000e\000r\000c\000i\000s\000e\000s}{section.1}% 2
\BOOKMARK [1][-]{section.2}{\376\377\000P\000r\000o\000b\000a\000b\000i\000l\000i\000t\000i\000e\000s}{}% 3
\BOOKMARK [2][-]{subsection.2.1}{\376\377\000E\000x\000e\000r\000c\000i\000s\000e\000\040\0002\000.\0002}{section.2}% 4
\BOOKMARK [2][-]{subsection.2.2}{\376\377\000E\000x\000e\000r\000c\000i\000s\000e\000\040\0002\000.\0004}{section.2}% 5
\BOOKMARK [2][-]{subsection.2.3}{\376\377\000E\000x\000e\000r\000c\000i\000s\000e\000\040\0002\000.\0006}{section.2}% 6
\BOOKMARK [2][-]{subsection.2.4}{\376\377\000E\000x\000e\000r\000c\000i\000s\000e\000\040\0002\000.\0007}{section.2}% 7
\BOOKMARK [2][-]{subsection.2.5}{\376\377\000E\000x\000e\000r\000c\000i\000s\000e\000\040\0002\000.\0008}{section.2}% 8
\BOOKMARK [2][-]{subsection.2.6}{\376\377\000E\000x\000e\000r\000c\000i\000s\000e\000\040\0002\000.\0009}{section.2}% 9
\BOOKMARK [2][-]{subsection.2.7}{\376\377\000E\000x\000e\000r\000c\000i\000s\000e\000\040\0002\000.\0001\0000}{section.2}% 10
\BOOKMARK [2][-]{subsection.2.8}{\376\377\000E\000x\000e\000r\000c\000i\000s\000e\000\040\0002\000.\0001\0001}{section.2}% 11
\BOOKMARK [2][-]{subsection.2.9}{\376\377\000E\000x\000e\000r\000c\000i\000s\000e\000\040\0002\000.\0001\0002}{section.2}% 12
\BOOKMARK [2][-]{subsection.2.10}{\376\377\000E\000x\000e\000r\000c\000i\000s\000e\000\040\0002\000.\0001\0003}{section.2}% 13
\BOOKMARK [2][-]{subsection.2.11}{\376\377\000E\000x\000e\000r\000c\000i\000s\000e\000\040\0002\000.\0001\0004}{section.2}% 14
\BOOKMARK [2][-]{subsection.2.12}{\376\377\000E\000x\000e\000r\000c\000i\000s\000e\000\040\0002\000.\0001\0005}{section.2}% 15
\BOOKMARK [2][-]{subsection.2.13}{\376\377\000E\000x\000e\000r\000c\000i\000s\000e\000\040\0002\000.\0001\0006}{section.2}% 16
\BOOKMARK [2][-]{subsection.2.14}{\376\377\000E\000x\000e\000r\000c\000i\000s\000e\000\040\0002\000.\0001\0007}{section.2}% 17
\BOOKMARK [2][-]{subsection.2.15}{\376\377\000E\000x\000e\000r\000c\000i\000s\000e\000\040\0002\000.\0001\0008}{section.2}% 18
\BOOKMARK [2][-]{subsection.2.16}{\376\377\000E\000x\000e\000r\000c\000i\000s\000e\000\040\0002\000.\0001\0009}{section.2}% 19
\BOOKMARK [2][-]{subsection.2.17}{\376\377\000E\000x\000e\000r\000c\000i\000s\000e\000\040\0002\000.\0002\0000}{section.2}% 20
\BOOKMARK [2][-]{subsection.2.18}{\376\377\000E\000x\000e\000r\000c\000i\000s\000e\000\040\0002\000.\0002\0001}{section.2}% 21
\BOOKMARK [2][-]{subsection.2.19}{\376\377\000E\000x\000e\000r\000c\000i\000s\000e\000\040\0002\000.\0002\0002}{section.2}% 22
\BOOKMARK [2][-]{subsection.2.20}{\376\377\000E\000x\000e\000r\000c\000i\000s\000e\000\040\0002\000.\0002\0003}{section.2}% 23
\BOOKMARK [2][-]{subsection.2.21}{\376\377\000E\000x\000e\000r\000c\000i\000s\000e\000\040\0002\000.\0002\0004}{section.2}% 24
\BOOKMARK [2][-]{subsection.2.22}{\376\377\000E\000x\000e\000r\000c\000i\000s\000e\000\040\0002\000.\0002\0005}{section.2}% 25
\BOOKMARK [2][-]{subsection.2.23}{\376\377\000E\000x\000e\000r\000c\000i\000s\000e\000\040\0002\000.\0002\0006}{section.2}% 26
\BOOKMARK [2][-]{subsection.2.24}{\376\377\000E\000x\000e\000r\000c\000i\000s\000e\000\040\0002\000.\0002\0007}{section.2}% 27
\BOOKMARK [2][-]{subsection.2.25}{\376\377\000E\000x\000e\000r\000c\000i\000s\000e\000\040\0002\000.\0002\0008}{section.2}% 28
\BOOKMARK [2][-]{subsection.2.26}{\376\377\000E\000x\000e\000r\000c\000i\000s\000e\000\040\0002\000.\0002\0009}{section.2}% 29
\BOOKMARK [2][-]{subsection.2.27}{\376\377\000E\000x\000e\000r\000c\000i\000s\000e\000\040\0002\000.\0003\0000}{section.2}% 30
\BOOKMARK [2][-]{subsection.2.28}{\376\377\000E\000x\000e\000r\000c\000i\000s\000e\000\040\0002\000.\0003\0001}{section.2}% 31
\BOOKMARK [2][-]{subsection.2.29}{\376\377\000E\000x\000e\000r\000c\000i\000s\000e\000\040\0002\000.\0003\0002}{section.2}% 32
\BOOKMARK [2][-]{subsection.2.30}{\376\377\000E\000x\000e\000r\000c\000i\000s\000e\000\040\0002\000.\0003\0003}{section.2}% 33
\BOOKMARK [2][-]{subsection.2.31}{\376\377\000E\000x\000e\000r\000c\000i\000s\000e\000\040\0002\000.\0003\0004}{section.2}% 34
\BOOKMARK [2][-]{subsection.2.32}{\376\377\000E\000x\000e\000r\000c\000i\000s\000e\000\040\0002\000.\0003\0005}{section.2}% 35
\BOOKMARK [2][-]{subsection.2.33}{\376\377\000E\000x\000e\000r\000c\000i\000s\000e\000\040\0002\000.\0003\0006}{section.2}% 36
\BOOKMARK [2][-]{subsection.2.34}{\376\377\000E\000x\000e\000r\000c\000i\000s\000e\000\040\0002\000.\0003\0007}{section.2}% 37
\BOOKMARK [2][-]{subsection.2.35}{\376\377\000E\000x\000e\000r\000c\000i\000s\000e\000\040\0002\000.\0003\0008}{section.2}% 38
\BOOKMARK [2][-]{subsection.2.36}{\376\377\000E\000x\000e\000r\000c\000i\000s\000e\000\040\0002\000.\0003\0009}{section.2}% 39
\BOOKMARK [2][-]{subsection.2.37}{\376\377\000E\000x\000e\000r\000c\000i\000s\000e\000\040\0002\000.\0004\0000}{section.2}% 40
\BOOKMARK [2][-]{subsection.2.38}{\376\377\000E\000x\000e\000r\000c\000i\000s\000e\000\040\0002\000.\0004\0001}{section.2}% 41
